---------------------------------------------------------------
[2020-08-14T10:13:57+08:00] 10.10.10.64 POST 10.10.10.34/index.php/dataBase/
[运行时间：0.206784s] [吞吐率：4.84req/s] [内存消耗：2,357.52kb] [文件加载：60]
[ info ] [ LANG ] D:\www\wx\thinkphp\lang\zh-cn.php
[ info ] [ ROUTE ] array (
  'rule' => 'dataBase/',
  'route' => 'Login/database',
  'option' => 
  array (
    'merge_rule_regex' => false,
  ),
  'var' => 
  array (
  ),
)
[ info ] [ HEADER ] array (
  'cookie' => 'company=suoke; locaton=http%3A%2F%2F10.10.10.34%2F%3Fcompany%3Dsuoke; PHPSESSID=u18597i4loaun062e2rmcp50gn; code=13952449580; suoke_openId=ogx1nwc_vpQTPcNx9hEIDm8ezbOg; openId=ogx1nwc_vpQTPcNx9hEIDm8ezbOg; headImgUrl=http%3A%2F%2Fthirdwx.qlogo.cn%2Fmmopen%2F5h8Nuib1dKbcEWNdUseiaoaQTuBVFGFic8bn0OKthDbOAngwMoxe9qMUssusKDLfnpI5rCvKWQYJWPyicvY4hia6O8w%2F132; nickname=%3F%3F%3F%3F',
  'accept-language' => 'zh-CN,zh;q=0.9,en-US;q=0.8,en;q=0.7',
  'accept-encoding' => 'gzip, deflate',
  'referer' => 'http://10.10.10.34/member/bonding_card.html?company=suoke',
  'content-type' => 'application/x-www-form-urlencoded',
  'user-agent' => 'Mozilla/5.0 (Linux; Android 10; PCT-AL10 Build/HUAWEIPCT-AL10; wv) AppleWebKit/537.36 (KHTML, like Gecko) Version/4.0 Chrome/78.0.3904.62 XWEB/2577 MMWEBSDK/200701 Mobile Safari/537.36 MMWEBID/4277 MicroMessenger/7.0.17.1720(0x27001139) Process/toolsmp WeChat/arm64 NetType/4G Language/zh_CN ABI/arm64',
  'x-requested-with' => 'XMLHttpRequest',
  'origin' => 'http://10.10.10.34',
  'accept' => 'application/json',
  'content-length' => '14',
  'connection' => 'close',
  'host' => '10.10.10.34',
)
[ info ] [ PARAM ] array (
  'database' => 'suoke',
)
[ info ] [ DB ] INIT mysql
[ sql ] [ DB ] CONNECT:[ UseTime:0.142544s ] mysql:host=db.suokeduo.com;dbname=;charset=utf8
[ sql ] [ SQL ] SHOW COLUMNS FROM `company`.`vip_business` [ RunTime:0.017622s ]
[ sql ] [ SQL ] SELECT `x_status` FROM `company`.`vip_business` WHERE  `code` = 'suoke' LIMIT 1 [ RunTime:0.016816s ]
---------------------------------------------------------------
[2020-08-14T10:13:57+08:00] 10.10.10.64 POST 10.10.10.34/index.php/UserlistIssetOpenid/
[运行时间：0.274341s] [吞吐率：3.65req/s] [内存消耗：2,450.50kb] [文件加载：64]
[ info ] [ LANG ] D:\www\wx\thinkphp\lang\zh-cn.php
[ info ] [ ROUTE ] array (
  'rule' => 'UserlistIssetOpenid/',
  'route' => 'Weixin/issetOpenid',
  'option' => 
  array (
    'merge_rule_regex' => false,
  ),
  'var' => 
  array (
  ),
)
[ info ] [ HEADER ] array (
  'cookie' => 'company=suoke; locaton=http%3A%2F%2F10.10.10.34%2F%3Fcompany%3Dsuoke; PHPSESSID=u18597i4loaun062e2rmcp50gn; code=13952449580; suoke_openId=ogx1nwc_vpQTPcNx9hEIDm8ezbOg; openId=ogx1nwc_vpQTPcNx9hEIDm8ezbOg; headImgUrl=http%3A%2F%2Fthirdwx.qlogo.cn%2Fmmopen%2F5h8Nuib1dKbcEWNdUseiaoaQTuBVFGFic8bn0OKthDbOAngwMoxe9qMUssusKDLfnpI5rCvKWQYJWPyicvY4hia6O8w%2F132; nickname=%3F%3F%3F%3F',
  'accept-language' => 'zh-CN,zh;q=0.9,en-US;q=0.8,en;q=0.7',
  'accept-encoding' => 'gzip, deflate',
  'referer' => 'http://10.10.10.34/member/bonding_card.html?company=suoke',
  'content-type' => 'application/x-www-form-urlencoded',
  'user-agent' => 'Mozilla/5.0 (Linux; Android 10; PCT-AL10 Build/HUAWEIPCT-AL10; wv) AppleWebKit/537.36 (KHTML, like Gecko) Version/4.0 Chrome/78.0.3904.62 XWEB/2577 MMWEBSDK/200701 Mobile Safari/537.36 MMWEBID/4277 MicroMessenger/7.0.17.1720(0x27001139) Process/toolsmp WeChat/arm64 NetType/4G Language/zh_CN ABI/arm64',
  'x-requested-with' => 'XMLHttpRequest',
  'origin' => 'http://10.10.10.34',
  'accept' => 'application/json',
  'content-length' => '178',
  'connection' => 'close',
  'host' => '10.10.10.34',
)
[ info ] [ PARAM ] array (
  'openId' => 'ogx1nwc_vpQTPcNx9hEIDm8ezbOg',
  'img' => 'http://thirdwx.qlogo.cn/mmopen/5h8Nuib1dKbcEWNdUseiaoaQTuBVFGFic8bn0OKthDbOAngwMoxe9qMUssusKDLfnpI5rCvKWQYJWPyicvY4hia6O8w/132',
)
[ info ] [ DB ] INIT mysql
[ sql ] [ DB ] CONNECT:[ UseTime:0.038501s ] mysql:host=db.suokeduo.com;dbname=;charset=utf8
[ sql ] [ SQL ] SHOW COLUMNS FROM `suoke`.`vip_viplist` [ RunTime:0.020850s ]
[ sql ] [ SQL ] SELECT * FROM `suoke`.`vip_viplist` WHERE  `openid` = 'ogx1nwc_vpQTPcNx9hEIDm8ezbOg' LIMIT 1 [ RunTime:0.021048s ]
[ sql ] [ SQL ] UPDATE `suoke`.`vip_viplist`  SET `img` = 'http://thirdwx.qlogo.cn/mmopen/5h8Nuib1dKbcEWNdUseiaoaQTuBVFGFic8bn0OKthDbOAngwMoxe9qMUssusKDLfnpI5rCvKWQYJWPyicvY4hia6O8w/132'  WHERE  `openid` = 'ogx1nwc_vpQTPcNx9hEIDm8ezbOg' [ RunTime:0.137336s ]
---------------------------------------------------------------
[2020-08-14T10:13:57+08:00] 10.10.10.64 POST 10.10.10.34/index.php/UserlistAdvertisement/
[运行时间：0.140561s] [吞吐率：7.11req/s] [内存消耗：2,538.15kb] [文件加载：61]
[ info ] [ LANG ] D:\www\wx\thinkphp\lang\zh-cn.php
[ info ] [ ROUTE ] array (
  'rule' => 'UserlistAdvertisement/',
  'route' => 'Userlist/advertisement',
  'option' => 
  array (
    'merge_rule_regex' => false,
  ),
  'var' => 
  array (
  ),
)
[ info ] [ HEADER ] array (
  'cookie' => 'company=suoke; locaton=http%3A%2F%2F10.10.10.34%2F%3Fcompany%3Dsuoke; PHPSESSID=u18597i4loaun062e2rmcp50gn; code=13952449580; suoke_openId=ogx1nwc_vpQTPcNx9hEIDm8ezbOg; openId=ogx1nwc_vpQTPcNx9hEIDm8ezbOg; headImgUrl=http%3A%2F%2Fthirdwx.qlogo.cn%2Fmmopen%2F5h8Nuib1dKbcEWNdUseiaoaQTuBVFGFic8bn0OKthDbOAngwMoxe9qMUssusKDLfnpI5rCvKWQYJWPyicvY4hia6O8w%2F132; nickname=%3F%3F%3F%3F',
  'accept-language' => 'zh-CN,zh;q=0.9,en-US;q=0.8,en;q=0.7',
  'accept-encoding' => 'gzip, deflate',
  'referer' => 'http://10.10.10.34/member/personal_center.html',
  'content-type' => 'application/x-www-form-urlencoded',
  'user-agent' => 'Mozilla/5.0 (Linux; Android 10; PCT-AL10 Build/HUAWEIPCT-AL10; wv) AppleWebKit/537.36 (KHTML, like Gecko) Version/4.0 Chrome/78.0.3904.62 XWEB/2577 MMWEBSDK/200701 Mobile Safari/537.36 MMWEBID/4277 MicroMessenger/7.0.17.1720(0x27001139) Process/toolsmp WeChat/arm64 NetType/4G Language/zh_CN ABI/arm64',
  'x-requested-with' => 'XMLHttpRequest',
  'origin' => 'http://10.10.10.34',
  'accept' => 'application/json',
  'content-length' => '35',
  'connection' => 'close',
  'host' => '10.10.10.34',
)
[ info ] [ PARAM ] array (
  'openid' => 'ogx1nwc_vpQTPcNx9hEIDm8ezbOg',
)
[ info ] [ DB ] INIT mysql
[ sql ] [ DB ] CONNECT:[ UseTime:0.038047s ] mysql:host=db.suokeduo.com;dbname=;charset=utf8
[ sql ] [ SQL ] SHOW COLUMNS FROM `suoke`.`vip_advertisement` [ RunTime:0.031649s ]
[ sql ] [ SQL ] SELECT * FROM `suoke`.`vip_advertisement` WHERE  `display` = 0 [ RunTime:0.016317s ]
---------------------------------------------------------------
[2020-08-14T10:13:59+08:00] 10.10.10.64 POST 10.10.10.34/index.php/VipinfoSel/
[运行时间：0.331845s] [吞吐率：3.01req/s] [内存消耗：2,412.87kb] [文件加载：61]
[ info ] [ LANG ] D:\www\wx\thinkphp\lang\zh-cn.php
[ info ] [ ROUTE ] array (
  'rule' => 'VipinfoSel/',
  'route' => 'Vipinfo/vipinfoSel',
  'option' => 
  array (
    'merge_rule_regex' => false,
  ),
  'var' => 
  array (
  ),
)
[ info ] [ HEADER ] array (
  'cookie' => 'company=suoke; locaton=http%3A%2F%2F10.10.10.34%2F%3Fcompany%3Dsuoke; PHPSESSID=u18597i4loaun062e2rmcp50gn; code=13952449580; suoke_openId=ogx1nwc_vpQTPcNx9hEIDm8ezbOg; openId=ogx1nwc_vpQTPcNx9hEIDm8ezbOg; headImgUrl=http%3A%2F%2Fthirdwx.qlogo.cn%2Fmmopen%2F5h8Nuib1dKbcEWNdUseiaoaQTuBVFGFic8bn0OKthDbOAngwMoxe9qMUssusKDLfnpI5rCvKWQYJWPyicvY4hia6O8w%2F132; nickname=%3F%3F%3F%3F',
  'accept-language' => 'zh-CN,zh;q=0.9,en-US;q=0.8,en;q=0.7',
  'accept-encoding' => 'gzip, deflate',
  'referer' => 'http://10.10.10.34/member/personal_center.html',
  'content-type' => 'application/x-www-form-urlencoded',
  'user-agent' => 'Mozilla/5.0 (Linux; Android 10; PCT-AL10 Build/HUAWEIPCT-AL10; wv) AppleWebKit/537.36 (KHTML, like Gecko) Version/4.0 Chrome/78.0.3904.62 XWEB/2577 MMWEBSDK/200701 Mobile Safari/537.36 MMWEBID/4277 MicroMessenger/7.0.17.1720(0x27001139) Process/toolsmp WeChat/arm64 NetType/4G Language/zh_CN ABI/arm64',
  'x-requested-with' => 'XMLHttpRequest',
  'origin' => 'http://10.10.10.34',
  'accept' => 'application/json',
  'content-length' => '35',
  'connection' => 'close',
  'host' => '10.10.10.34',
)
[ info ] [ PARAM ] array (
  'openid' => 'ogx1nwc_vpQTPcNx9hEIDm8ezbOg',
)
[ info ] [ DB ] INIT mysql
[ sql ] [ DB ] CONNECT:[ UseTime:0.041866s ] mysql:host=db.suokeduo.com;dbname=;charset=utf8
[ sql ] [ SQL ] SHOW COLUMNS FROM `suoke`.`view_vipinfo` [ RunTime:0.115246s ]
[ sql ] [ SQL ] SELECT * FROM `suoke`.`view_vipinfo` WHERE  `openid` = 'ogx1nwc_vpQTPcNx9hEIDm8ezbOg' LIMIT 1 [ RunTime:0.031934s ]
[ sql ] [ SQL ] SHOW COLUMNS FROM `suoke`.`vip_viplist` [ RunTime:0.042598s ]
[ sql ] [ SQL ] SELECT * FROM `suoke`.`vip_viplist` WHERE  `code` = '13952449580' LIMIT 1 [ RunTime:0.054600s ]
---------------------------------------------------------------
[2020-08-14T10:14:05+08:00] 10.10.10.64 POST 10.10.10.34/index.php/dataBase/
[运行时间：0.169798s] [吞吐率：5.89req/s] [内存消耗：2,357.52kb] [文件加载：60]
[ info ] [ LANG ] D:\www\wx\thinkphp\lang\zh-cn.php
[ info ] [ ROUTE ] array (
  'rule' => 'dataBase/',
  'route' => 'Login/database',
  'option' => 
  array (
    'merge_rule_regex' => false,
  ),
  'var' => 
  array (
  ),
)
[ info ] [ HEADER ] array (
  'cookie' => 'company=suoke; locaton=http%3A%2F%2F10.10.10.34%2F%3Fcompany%3Dsuoke; PHPSESSID=u18597i4loaun062e2rmcp50gn; code=13952449580; suoke_openId=ogx1nwc_vpQTPcNx9hEIDm8ezbOg; openId=ogx1nwc_vpQTPcNx9hEIDm8ezbOg; headImgUrl=http%3A%2F%2Fthirdwx.qlogo.cn%2Fmmopen%2F5h8Nuib1dKbcEWNdUseiaoaQTuBVFGFic8bn0OKthDbOAngwMoxe9qMUssusKDLfnpI5rCvKWQYJWPyicvY4hia6O8w%2F132; nickname=%3F%3F%3F%3F',
  'accept-language' => 'zh-CN,zh;q=0.9,en-US;q=0.8,en;q=0.7',
  'accept-encoding' => 'gzip, deflate',
  'referer' => 'http://10.10.10.34/member/bonding_card.html?company=suoke',
  'content-type' => 'application/x-www-form-urlencoded',
  'user-agent' => 'Mozilla/5.0 (Linux; Android 10; PCT-AL10 Build/HUAWEIPCT-AL10; wv) AppleWebKit/537.36 (KHTML, like Gecko) Version/4.0 Chrome/78.0.3904.62 XWEB/2577 MMWEBSDK/200701 Mobile Safari/537.36 MMWEBID/4277 MicroMessenger/7.0.17.1720(0x27001139) Process/toolsmp WeChat/arm64 NetType/WIFI Language/zh_CN ABI/arm64',
  'x-requested-with' => 'XMLHttpRequest',
  'origin' => 'http://10.10.10.34',
  'accept' => 'application/json',
  'content-length' => '14',
  'connection' => 'close',
  'host' => '10.10.10.34',
)
[ info ] [ PARAM ] array (
  'database' => 'suoke',
)
[ info ] [ DB ] INIT mysql
[ sql ] [ DB ] CONNECT:[ UseTime:0.078974s ] mysql:host=db.suokeduo.com;dbname=;charset=utf8
[ sql ] [ SQL ] SHOW COLUMNS FROM `company`.`vip_business` [ RunTime:0.029214s ]
[ sql ] [ SQL ] SELECT `x_status` FROM `company`.`vip_business` WHERE  `code` = 'suoke' LIMIT 1 [ RunTime:0.016167s ]
---------------------------------------------------------------
[2020-08-14T10:14:06+08:00] 10.10.10.64 POST 10.10.10.34/index.php/UserlistIssetOpenid/
[运行时间：0.250169s] [吞吐率：4.00req/s] [内存消耗：2,450.50kb] [文件加载：64]
[ info ] [ LANG ] D:\www\wx\thinkphp\lang\zh-cn.php
[ info ] [ ROUTE ] array (
  'rule' => 'UserlistIssetOpenid/',
  'route' => 'Weixin/issetOpenid',
  'option' => 
  array (
    'merge_rule_regex' => false,
  ),
  'var' => 
  array (
  ),
)
[ info ] [ HEADER ] array (
  'cookie' => 'company=suoke; locaton=http%3A%2F%2F10.10.10.34%2F%3Fcompany%3Dsuoke; PHPSESSID=u18597i4loaun062e2rmcp50gn; code=13952449580; suoke_openId=ogx1nwc_vpQTPcNx9hEIDm8ezbOg; openId=ogx1nwc_vpQTPcNx9hEIDm8ezbOg; headImgUrl=http%3A%2F%2Fthirdwx.qlogo.cn%2Fmmopen%2F5h8Nuib1dKbcEWNdUseiaoaQTuBVFGFic8bn0OKthDbOAngwMoxe9qMUssusKDLfnpI5rCvKWQYJWPyicvY4hia6O8w%2F132; nickname=%3F%3F%3F%3F',
  'accept-language' => 'zh-CN,zh;q=0.9,en-US;q=0.8,en;q=0.7',
  'accept-encoding' => 'gzip, deflate',
  'referer' => 'http://10.10.10.34/member/bonding_card.html?company=suoke',
  'content-type' => 'application/x-www-form-urlencoded',
  'user-agent' => 'Mozilla/5.0 (Linux; Android 10; PCT-AL10 Build/HUAWEIPCT-AL10; wv) AppleWebKit/537.36 (KHTML, like Gecko) Version/4.0 Chrome/78.0.3904.62 XWEB/2577 MMWEBSDK/200701 Mobile Safari/537.36 MMWEBID/4277 MicroMessenger/7.0.17.1720(0x27001139) Process/toolsmp WeChat/arm64 NetType/WIFI Language/zh_CN ABI/arm64',
  'x-requested-with' => 'XMLHttpRequest',
  'origin' => 'http://10.10.10.34',
  'accept' => 'application/json',
  'content-length' => '178',
  'connection' => 'close',
  'host' => '10.10.10.34',
)
[ info ] [ PARAM ] array (
  'openId' => 'ogx1nwc_vpQTPcNx9hEIDm8ezbOg',
  'img' => 'http://thirdwx.qlogo.cn/mmopen/5h8Nuib1dKbcEWNdUseiaoaQTuBVFGFic8bn0OKthDbOAngwMoxe9qMUssusKDLfnpI5rCvKWQYJWPyicvY4hia6O8w/132',
)
[ info ] [ DB ] INIT mysql
[ sql ] [ DB ] CONNECT:[ UseTime:0.028378s ] mysql:host=db.suokeduo.com;dbname=;charset=utf8
[ sql ] [ SQL ] SHOW COLUMNS FROM `suoke`.`vip_viplist` [ RunTime:0.016606s ]
[ sql ] [ SQL ] SELECT * FROM `suoke`.`vip_viplist` WHERE  `openid` = 'ogx1nwc_vpQTPcNx9hEIDm8ezbOg' LIMIT 1 [ RunTime:0.024625s ]
[ sql ] [ SQL ] UPDATE `suoke`.`vip_viplist`  SET `img` = 'http://thirdwx.qlogo.cn/mmopen/5h8Nuib1dKbcEWNdUseiaoaQTuBVFGFic8bn0OKthDbOAngwMoxe9qMUssusKDLfnpI5rCvKWQYJWPyicvY4hia6O8w/132'  WHERE  `openid` = 'ogx1nwc_vpQTPcNx9hEIDm8ezbOg' [ RunTime:0.141193s ]
---------------------------------------------------------------
[2020-08-14T10:14:06+08:00] 10.10.10.64 POST 10.10.10.34/index.php/UserlistAdvertisement/
[运行时间：0.114221s] [吞吐率：8.75req/s] [内存消耗：2,538.15kb] [文件加载：61]
[ info ] [ LANG ] D:\www\wx\thinkphp\lang\zh-cn.php
[ info ] [ ROUTE ] array (
  'rule' => 'UserlistAdvertisement/',
  'route' => 'Userlist/advertisement',
  'option' => 
  array (
    'merge_rule_regex' => false,
  ),
  'var' => 
  array (
  ),
)
[ info ] [ HEADER ] array (
  'cookie' => 'company=suoke; locaton=http%3A%2F%2F10.10.10.34%2F%3Fcompany%3Dsuoke; PHPSESSID=u18597i4loaun062e2rmcp50gn; code=13952449580; suoke_openId=ogx1nwc_vpQTPcNx9hEIDm8ezbOg; openId=ogx1nwc_vpQTPcNx9hEIDm8ezbOg; headImgUrl=http%3A%2F%2Fthirdwx.qlogo.cn%2Fmmopen%2F5h8Nuib1dKbcEWNdUseiaoaQTuBVFGFic8bn0OKthDbOAngwMoxe9qMUssusKDLfnpI5rCvKWQYJWPyicvY4hia6O8w%2F132; nickname=%3F%3F%3F%3F',
  'accept-language' => 'zh-CN,zh;q=0.9,en-US;q=0.8,en;q=0.7',
  'accept-encoding' => 'gzip, deflate',
  'referer' => 'http://10.10.10.34/member/personal_center.html',
  'content-type' => 'application/x-www-form-urlencoded',
  'user-agent' => 'Mozilla/5.0 (Linux; Android 10; PCT-AL10 Build/HUAWEIPCT-AL10; wv) AppleWebKit/537.36 (KHTML, like Gecko) Version/4.0 Chrome/78.0.3904.62 XWEB/2577 MMWEBSDK/200701 Mobile Safari/537.36 MMWEBID/4277 MicroMessenger/7.0.17.1720(0x27001139) Process/toolsmp WeChat/arm64 NetType/WIFI Language/zh_CN ABI/arm64',
  'x-requested-with' => 'XMLHttpRequest',
  'origin' => 'http://10.10.10.34',
  'accept' => 'application/json',
  'content-length' => '35',
  'connection' => 'close',
  'host' => '10.10.10.34',
)
[ info ] [ PARAM ] array (
  'openid' => 'ogx1nwc_vpQTPcNx9hEIDm8ezbOg',
)
[ info ] [ DB ] INIT mysql
[ sql ] [ DB ] CONNECT:[ UseTime:0.030297s ] mysql:host=db.suokeduo.com;dbname=;charset=utf8
[ sql ] [ SQL ] SHOW COLUMNS FROM `suoke`.`vip_advertisement` [ RunTime:0.018351s ]
[ sql ] [ SQL ] SELECT * FROM `suoke`.`vip_advertisement` WHERE  `display` = 0 [ RunTime:0.019675s ]
---------------------------------------------------------------
[2020-08-14T10:14:07+08:00] 10.10.10.64 POST 10.10.10.34/index.php/VipinfoSel/
[运行时间：0.177605s] [吞吐率：5.63req/s] [内存消耗：2,412.87kb] [文件加载：61]
[ info ] [ LANG ] D:\www\wx\thinkphp\lang\zh-cn.php
[ info ] [ ROUTE ] array (
  'rule' => 'VipinfoSel/',
  'route' => 'Vipinfo/vipinfoSel',
  'option' => 
  array (
    'merge_rule_regex' => false,
  ),
  'var' => 
  array (
  ),
)
[ info ] [ HEADER ] array (
  'cookie' => 'company=suoke; locaton=http%3A%2F%2F10.10.10.34%2F%3Fcompany%3Dsuoke; PHPSESSID=u18597i4loaun062e2rmcp50gn; code=13952449580; suoke_openId=ogx1nwc_vpQTPcNx9hEIDm8ezbOg; openId=ogx1nwc_vpQTPcNx9hEIDm8ezbOg; headImgUrl=http%3A%2F%2Fthirdwx.qlogo.cn%2Fmmopen%2F5h8Nuib1dKbcEWNdUseiaoaQTuBVFGFic8bn0OKthDbOAngwMoxe9qMUssusKDLfnpI5rCvKWQYJWPyicvY4hia6O8w%2F132; nickname=%3F%3F%3F%3F',
  'accept-language' => 'zh-CN,zh;q=0.9,en-US;q=0.8,en;q=0.7',
  'accept-encoding' => 'gzip, deflate',
  'referer' => 'http://10.10.10.34/member/personal_center.html',
  'content-type' => 'application/x-www-form-urlencoded',
  'user-agent' => 'Mozilla/5.0 (Linux; Android 10; PCT-AL10 Build/HUAWEIPCT-AL10; wv) AppleWebKit/537.36 (KHTML, like Gecko) Version/4.0 Chrome/78.0.3904.62 XWEB/2577 MMWEBSDK/200701 Mobile Safari/537.36 MMWEBID/4277 MicroMessenger/7.0.17.1720(0x27001139) Process/toolsmp WeChat/arm64 NetType/WIFI Language/zh_CN ABI/arm64',
  'x-requested-with' => 'XMLHttpRequest',
  'origin' => 'http://10.10.10.34',
  'accept' => 'application/json',
  'content-length' => '35',
  'connection' => 'close',
  'host' => '10.10.10.34',
)
[ info ] [ PARAM ] array (
  'openid' => 'ogx1nwc_vpQTPcNx9hEIDm8ezbOg',
)
[ info ] [ DB ] INIT mysql
[ sql ] [ DB ] CONNECT:[ UseTime:0.025000s ] mysql:host=db.suokeduo.com;dbname=;charset=utf8
[ sql ] [ SQL ] SHOW COLUMNS FROM `suoke`.`view_vipinfo` [ RunTime:0.017029s ]
[ sql ] [ SQL ] SELECT * FROM `suoke`.`view_vipinfo` WHERE  `openid` = 'ogx1nwc_vpQTPcNx9hEIDm8ezbOg' LIMIT 1 [ RunTime:0.027392s ]
[ sql ] [ SQL ] SHOW COLUMNS FROM `suoke`.`vip_viplist` [ RunTime:0.040307s ]
[ sql ] [ SQL ] SELECT * FROM `suoke`.`vip_viplist` WHERE  `code` = '13952449580' LIMIT 1 [ RunTime:0.022549s ]
---------------------------------------------------------------
[2020-08-14T10:14:16+08:00] 10.10.10.200 POST 10.10.10.34/index.php/dataBase/
[运行时间：0.120001s] [吞吐率：8.33req/s] [内存消耗：2,356.78kb] [文件加载：60]
[ info ] [ LANG ] D:\www\wx\thinkphp\lang\zh-cn.php
[ info ] [ ROUTE ] array (
  'rule' => 'dataBase/',
  'route' => 'Login/database',
  'option' => 
  array (
    'merge_rule_regex' => false,
  ),
  'var' => 
  array (
  ),
)
[ info ] [ HEADER ] array (
  'cookie' => 'company=suoke; suoke_openId=ogx1nwV_uCStUY2a_HXB0rJpSLbQ; openId=ogx1nwV_uCStUY2a_HXB0rJpSLbQ; headImgUrl=http%3A%2F%2Fthirdwx.qlogo.cn%2Fmmopen%2F5h8Nuib1dKbfoeTSOwKbQlsUIxxeQ6A2e0AzIh2vfdZx20WDokQ0HScy496zh52HHUP1n72KEYT13wQKhElI6FWiaoY3ia1CgQz%2F132; nickname=Mr.Li',
  'accept-language' => 'zh-CN,zh;q=0.9,en-US;q=0.8,en;q=0.7',
  'accept-encoding' => 'gzip, deflate',
  'referer' => 'http://10.10.10.34/member/bonding_card.html?company=suoke',
  'content-type' => 'application/x-www-form-urlencoded',
  'user-agent' => 'Mozilla/5.0 (Linux; Android 10; YAL-AL00 Build/HUAWEIYAL-AL00; wv) AppleWebKit/537.36 (KHTML, like Gecko) Version/4.0 Chrome/78.0.3904.62 XWEB/2577 MMWEBSDK/200701 Mobile Safari/537.36 MMWEBID/2895 MicroMessenger/7.0.17.1720(0x27001139) Process/toolsmp WeChat/arm64 NetType/WIFI Language/zh_CN ABI/arm64',
  'x-requested-with' => 'XMLHttpRequest',
  'origin' => 'http://10.10.10.34',
  'accept' => 'application/json',
  'content-length' => '14',
  'connection' => 'close',
  'host' => '10.10.10.34',
)
[ info ] [ PARAM ] array (
  'database' => 'suoke',
)
[ info ] [ DB ] INIT mysql
[ sql ] [ DB ] CONNECT:[ UseTime:0.029618s ] mysql:host=db.suokeduo.com;dbname=;charset=utf8
[ sql ] [ SQL ] SHOW COLUMNS FROM `company`.`vip_business` [ RunTime:0.015514s ]
[ sql ] [ SQL ] SELECT `x_status` FROM `company`.`vip_business` WHERE  `code` = 'suoke' LIMIT 1 [ RunTime:0.024529s ]
---------------------------------------------------------------
[2020-08-14T10:14:16+08:00] 10.10.10.200 POST 10.10.10.34/index.php/UserlistIssetOpenid/
[运行时间：0.269779s] [吞吐率：3.71req/s] [内存消耗：2,449.87kb] [文件加载：64]
[ info ] [ LANG ] D:\www\wx\thinkphp\lang\zh-cn.php
[ info ] [ ROUTE ] array (
  'rule' => 'UserlistIssetOpenid/',
  'route' => 'Weixin/issetOpenid',
  'option' => 
  array (
    'merge_rule_regex' => false,
  ),
  'var' => 
  array (
  ),
)
[ info ] [ HEADER ] array (
  'cookie' => 'company=suoke; suoke_openId=ogx1nwV_uCStUY2a_HXB0rJpSLbQ; openId=ogx1nwV_uCStUY2a_HXB0rJpSLbQ; headImgUrl=http%3A%2F%2Fthirdwx.qlogo.cn%2Fmmopen%2F5h8Nuib1dKbfoeTSOwKbQlsUIxxeQ6A2e0AzIh2vfdZx20WDokQ0HScy496zh52HHUP1n72KEYT13wQKhElI6FWiaoY3ia1CgQz%2F132; nickname=Mr.Li; PHPSESSID=hvm4vmtpufgo7g1v1ne7m79gcm',
  'accept-language' => 'zh-CN,zh;q=0.9,en-US;q=0.8,en;q=0.7',
  'accept-encoding' => 'gzip, deflate',
  'referer' => 'http://10.10.10.34/member/bonding_card.html?company=suoke',
  'content-type' => 'application/x-www-form-urlencoded',
  'user-agent' => 'Mozilla/5.0 (Linux; Android 10; YAL-AL00 Build/HUAWEIYAL-AL00; wv) AppleWebKit/537.36 (KHTML, like Gecko) Version/4.0 Chrome/78.0.3904.62 XWEB/2577 MMWEBSDK/200701 Mobile Safari/537.36 MMWEBID/2895 MicroMessenger/7.0.17.1720(0x27001139) Process/toolsmp WeChat/arm64 NetType/WIFI Language/zh_CN ABI/arm64',
  'x-requested-with' => 'XMLHttpRequest',
  'origin' => 'http://10.10.10.34',
  'accept' => 'application/json',
  'content-length' => '186',
  'connection' => 'close',
  'host' => '10.10.10.34',
)
[ info ] [ PARAM ] array (
  'openId' => 'ogx1nwV_uCStUY2a_HXB0rJpSLbQ',
  'img' => 'http://thirdwx.qlogo.cn/mmopen/5h8Nuib1dKbfoeTSOwKbQlsUIxxeQ6A2e0AzIh2vfdZx20WDokQ0HScy496zh52HHUP1n72KEYT13wQKhElI6FWiaoY3ia1CgQz/132',
)
[ info ] [ DB ] INIT mysql
[ sql ] [ DB ] CONNECT:[ UseTime:0.018268s ] mysql:host=db.suokeduo.com;dbname=;charset=utf8
[ sql ] [ SQL ] SHOW COLUMNS FROM `suoke`.`vip_viplist` [ RunTime:0.021211s ]
[ sql ] [ SQL ] SELECT * FROM `suoke`.`vip_viplist` WHERE  `openid` = 'ogx1nwV_uCStUY2a_HXB0rJpSLbQ' LIMIT 1 [ RunTime:0.025709s ]
[ sql ] [ SQL ] UPDATE `suoke`.`vip_viplist`  SET `img` = 'http://thirdwx.qlogo.cn/mmopen/5h8Nuib1dKbfoeTSOwKbQlsUIxxeQ6A2e0AzIh2vfdZx20WDokQ0HScy496zh52HHUP1n72KEYT13wQKhElI6FWiaoY3ia1CgQz/132'  WHERE  `openid` = 'ogx1nwV_uCStUY2a_HXB0rJpSLbQ' [ RunTime:0.143657s ]
---------------------------------------------------------------
[2020-08-14T10:14:17+08:00] 10.10.10.200 POST 10.10.10.34/index.php/UserlistAdvertisement/
[运行时间：0.102104s] [吞吐率：9.79req/s] [内存消耗：2,537.20kb] [文件加载：61]
[ info ] [ LANG ] D:\www\wx\thinkphp\lang\zh-cn.php
[ info ] [ ROUTE ] array (
  'rule' => 'UserlistAdvertisement/',
  'route' => 'Userlist/advertisement',
  'option' => 
  array (
    'merge_rule_regex' => false,
  ),
  'var' => 
  array (
  ),
)
[ info ] [ HEADER ] array (
  'cookie' => 'company=suoke; suoke_openId=ogx1nwV_uCStUY2a_HXB0rJpSLbQ; openId=ogx1nwV_uCStUY2a_HXB0rJpSLbQ; headImgUrl=http%3A%2F%2Fthirdwx.qlogo.cn%2Fmmopen%2F5h8Nuib1dKbfoeTSOwKbQlsUIxxeQ6A2e0AzIh2vfdZx20WDokQ0HScy496zh52HHUP1n72KEYT13wQKhElI6FWiaoY3ia1CgQz%2F132; nickname=Mr.Li; PHPSESSID=hvm4vmtpufgo7g1v1ne7m79gcm',
  'accept-language' => 'zh-CN,zh;q=0.9,en-US;q=0.8,en;q=0.7',
  'accept-encoding' => 'gzip, deflate',
  'referer' => 'http://10.10.10.34/member/personal_center.html',
  'content-type' => 'application/x-www-form-urlencoded',
  'user-agent' => 'Mozilla/5.0 (Linux; Android 10; YAL-AL00 Build/HUAWEIYAL-AL00; wv) AppleWebKit/537.36 (KHTML, like Gecko) Version/4.0 Chrome/78.0.3904.62 XWEB/2577 MMWEBSDK/200701 Mobile Safari/537.36 MMWEBID/2895 MicroMessenger/7.0.17.1720(0x27001139) Process/toolsmp WeChat/arm64 NetType/WIFI Language/zh_CN ABI/arm64',
  'x-requested-with' => 'XMLHttpRequest',
  'origin' => 'http://10.10.10.34',
  'accept' => 'application/json',
  'content-length' => '35',
  'connection' => 'close',
  'host' => '10.10.10.34',
)
[ info ] [ PARAM ] array (
  'openid' => 'ogx1nwV_uCStUY2a_HXB0rJpSLbQ',
)
[ info ] [ DB ] INIT mysql
[ sql ] [ DB ] CONNECT:[ UseTime:0.033243s ] mysql:host=db.suokeduo.com;dbname=;charset=utf8
[ sql ] [ SQL ] SHOW COLUMNS FROM `suoke`.`vip_advertisement` [ RunTime:0.021286s ]
[ sql ] [ SQL ] SELECT * FROM `suoke`.`vip_advertisement` WHERE  `display` = 0 [ RunTime:0.025444s ]
---------------------------------------------------------------
[2020-08-14T10:14:18+08:00] 10.10.10.200 POST 10.10.10.34/index.php/VipinfoSel/
[运行时间：0.215318s] [吞吐率：4.64req/s] [内存消耗：2,412.38kb] [文件加载：61]
[ info ] [ LANG ] D:\www\wx\thinkphp\lang\zh-cn.php
[ info ] [ ROUTE ] array (
  'rule' => 'VipinfoSel/',
  'route' => 'Vipinfo/vipinfoSel',
  'option' => 
  array (
    'merge_rule_regex' => false,
  ),
  'var' => 
  array (
  ),
)
[ info ] [ HEADER ] array (
  'cookie' => 'company=suoke; suoke_openId=ogx1nwV_uCStUY2a_HXB0rJpSLbQ; openId=ogx1nwV_uCStUY2a_HXB0rJpSLbQ; headImgUrl=http%3A%2F%2Fthirdwx.qlogo.cn%2Fmmopen%2F5h8Nuib1dKbfoeTSOwKbQlsUIxxeQ6A2e0AzIh2vfdZx20WDokQ0HScy496zh52HHUP1n72KEYT13wQKhElI6FWiaoY3ia1CgQz%2F132; nickname=Mr.Li; PHPSESSID=hvm4vmtpufgo7g1v1ne7m79gcm',
  'accept-language' => 'zh-CN,zh;q=0.9,en-US;q=0.8,en;q=0.7',
  'accept-encoding' => 'gzip, deflate',
  'referer' => 'http://10.10.10.34/member/personal_center.html',
  'content-type' => 'application/x-www-form-urlencoded',
  'user-agent' => 'Mozilla/5.0 (Linux; Android 10; YAL-AL00 Build/HUAWEIYAL-AL00; wv) AppleWebKit/537.36 (KHTML, like Gecko) Version/4.0 Chrome/78.0.3904.62 XWEB/2577 MMWEBSDK/200701 Mobile Safari/537.36 MMWEBID/2895 MicroMessenger/7.0.17.1720(0x27001139) Process/toolsmp WeChat/arm64 NetType/WIFI Language/zh_CN ABI/arm64',
  'x-requested-with' => 'XMLHttpRequest',
  'origin' => 'http://10.10.10.34',
  'accept' => 'application/json',
  'content-length' => '35',
  'connection' => 'close',
  'host' => '10.10.10.34',
)
[ info ] [ PARAM ] array (
  'openid' => 'ogx1nwV_uCStUY2a_HXB0rJpSLbQ',
)
[ info ] [ DB ] INIT mysql
[ sql ] [ DB ] CONNECT:[ UseTime:0.033602s ] mysql:host=db.suokeduo.com;dbname=;charset=utf8
[ sql ] [ SQL ] SHOW COLUMNS FROM `suoke`.`view_vipinfo` [ RunTime:0.018564s ]
[ sql ] [ SQL ] SELECT * FROM `suoke`.`view_vipinfo` WHERE  `openid` = 'ogx1nwV_uCStUY2a_HXB0rJpSLbQ' LIMIT 1 [ RunTime:0.051647s ]
[ sql ] [ SQL ] SHOW COLUMNS FROM `suoke`.`vip_viplist` [ RunTime:0.025285s ]
[ sql ] [ SQL ] SELECT * FROM `suoke`.`vip_viplist` WHERE  `code` = '13773033340' LIMIT 1 [ RunTime:0.027751s ]
---------------------------------------------------------------
[2020-08-14T10:14:22+08:00] 10.10.10.64 POST 10.10.10.34/index.php/UserlistAdvertisement/
[运行时间：0.103073s] [吞吐率：9.70req/s] [内存消耗：2,538.15kb] [文件加载：61]
[ info ] [ LANG ] D:\www\wx\thinkphp\lang\zh-cn.php
[ info ] [ ROUTE ] array (
  'rule' => 'UserlistAdvertisement/',
  'route' => 'Userlist/advertisement',
  'option' => 
  array (
    'merge_rule_regex' => false,
  ),
  'var' => 
  array (
  ),
)
[ info ] [ HEADER ] array (
  'cookie' => 'company=suoke; locaton=http%3A%2F%2F10.10.10.34%2F%3Fcompany%3Dsuoke; PHPSESSID=u18597i4loaun062e2rmcp50gn; code=13952449580; suoke_openId=ogx1nwc_vpQTPcNx9hEIDm8ezbOg; openId=ogx1nwc_vpQTPcNx9hEIDm8ezbOg; headImgUrl=http%3A%2F%2Fthirdwx.qlogo.cn%2Fmmopen%2F5h8Nuib1dKbcEWNdUseiaoaQTuBVFGFic8bn0OKthDbOAngwMoxe9qMUssusKDLfnpI5rCvKWQYJWPyicvY4hia6O8w%2F132; nickname=%3F%3F%3F%3F',
  'accept-language' => 'zh-CN,zh;q=0.9,en-US;q=0.8,en;q=0.7',
  'accept-encoding' => 'gzip, deflate',
  'referer' => 'http://10.10.10.34/member/personal_center.html',
  'content-type' => 'application/x-www-form-urlencoded',
  'user-agent' => 'Mozilla/5.0 (Linux; Android 10; PCT-AL10 Build/HUAWEIPCT-AL10; wv) AppleWebKit/537.36 (KHTML, like Gecko) Version/4.0 Chrome/78.0.3904.62 XWEB/2577 MMWEBSDK/200701 Mobile Safari/537.36 MMWEBID/4277 MicroMessenger/7.0.17.1720(0x27001139) Process/toolsmp WeChat/arm64 NetType/WIFI Language/zh_CN ABI/arm64',
  'x-requested-with' => 'XMLHttpRequest',
  'origin' => 'http://10.10.10.34',
  'accept' => 'application/json',
  'content-length' => '35',
  'connection' => 'close',
  'host' => '10.10.10.34',
)
[ info ] [ PARAM ] array (
  'openid' => 'ogx1nwc_vpQTPcNx9hEIDm8ezbOg',
)
[ info ] [ DB ] INIT mysql
[ sql ] [ DB ] CONNECT:[ UseTime:0.027819s ] mysql:host=db.suokeduo.com;dbname=;charset=utf8
[ sql ] [ SQL ] SHOW COLUMNS FROM `suoke`.`vip_advertisement` [ RunTime:0.027064s ]
[ sql ] [ SQL ] SELECT * FROM `suoke`.`vip_advertisement` WHERE  `display` = 0 [ RunTime:0.025105s ]
---------------------------------------------------------------
[2020-08-14T10:14:23+08:00] 10.10.10.64 POST 10.10.10.34/index.php/VipinfoSel/
[运行时间：0.218498s] [吞吐率：4.58req/s] [内存消耗：2,412.87kb] [文件加载：61]
[ info ] [ LANG ] D:\www\wx\thinkphp\lang\zh-cn.php
[ info ] [ ROUTE ] array (
  'rule' => 'VipinfoSel/',
  'route' => 'Vipinfo/vipinfoSel',
  'option' => 
  array (
    'merge_rule_regex' => false,
  ),
  'var' => 
  array (
  ),
)
[ info ] [ HEADER ] array (
  'cookie' => 'company=suoke; locaton=http%3A%2F%2F10.10.10.34%2F%3Fcompany%3Dsuoke; PHPSESSID=u18597i4loaun062e2rmcp50gn; code=13952449580; suoke_openId=ogx1nwc_vpQTPcNx9hEIDm8ezbOg; openId=ogx1nwc_vpQTPcNx9hEIDm8ezbOg; headImgUrl=http%3A%2F%2Fthirdwx.qlogo.cn%2Fmmopen%2F5h8Nuib1dKbcEWNdUseiaoaQTuBVFGFic8bn0OKthDbOAngwMoxe9qMUssusKDLfnpI5rCvKWQYJWPyicvY4hia6O8w%2F132; nickname=%3F%3F%3F%3F',
  'accept-language' => 'zh-CN,zh;q=0.9,en-US;q=0.8,en;q=0.7',
  'accept-encoding' => 'gzip, deflate',
  'referer' => 'http://10.10.10.34/member/personal_center.html',
  'content-type' => 'application/x-www-form-urlencoded',
  'user-agent' => 'Mozilla/5.0 (Linux; Android 10; PCT-AL10 Build/HUAWEIPCT-AL10; wv) AppleWebKit/537.36 (KHTML, like Gecko) Version/4.0 Chrome/78.0.3904.62 XWEB/2577 MMWEBSDK/200701 Mobile Safari/537.36 MMWEBID/4277 MicroMessenger/7.0.17.1720(0x27001139) Process/toolsmp WeChat/arm64 NetType/WIFI Language/zh_CN ABI/arm64',
  'x-requested-with' => 'XMLHttpRequest',
  'origin' => 'http://10.10.10.34',
  'accept' => 'application/json',
  'content-length' => '35',
  'connection' => 'close',
  'host' => '10.10.10.34',
)
[ info ] [ PARAM ] array (
  'openid' => 'ogx1nwc_vpQTPcNx9hEIDm8ezbOg',
)
[ info ] [ DB ] INIT mysql
[ sql ] [ DB ] CONNECT:[ UseTime:0.026601s ] mysql:host=db.suokeduo.com;dbname=;charset=utf8
[ sql ] [ SQL ] SHOW COLUMNS FROM `suoke`.`view_vipinfo` [ RunTime:0.041127s ]
[ sql ] [ SQL ] SELECT * FROM `suoke`.`view_vipinfo` WHERE  `openid` = 'ogx1nwc_vpQTPcNx9hEIDm8ezbOg' LIMIT 1 [ RunTime:0.036611s ]
[ sql ] [ SQL ] SHOW COLUMNS FROM `suoke`.`vip_viplist` [ RunTime:0.032895s ]
[ sql ] [ SQL ] SELECT * FROM `suoke`.`vip_viplist` WHERE  `code` = '13952449580' LIMIT 1 [ RunTime:0.027388s ]
---------------------------------------------------------------
[2020-08-14T10:14:26+08:00] 10.10.10.64 POST 10.10.10.34/index.php/dataBase/
[运行时间：0.119786s] [吞吐率：8.35req/s] [内存消耗：2,357.52kb] [文件加载：60]
[ info ] [ LANG ] D:\www\wx\thinkphp\lang\zh-cn.php
[ info ] [ ROUTE ] array (
  'rule' => 'dataBase/',
  'route' => 'Login/database',
  'option' => 
  array (
    'merge_rule_regex' => false,
  ),
  'var' => 
  array (
  ),
)
[ info ] [ HEADER ] array (
  'cookie' => 'company=suoke; locaton=http%3A%2F%2F10.10.10.34%2F%3Fcompany%3Dsuoke; PHPSESSID=u18597i4loaun062e2rmcp50gn; code=13952449580; suoke_openId=ogx1nwc_vpQTPcNx9hEIDm8ezbOg; openId=ogx1nwc_vpQTPcNx9hEIDm8ezbOg; headImgUrl=http%3A%2F%2Fthirdwx.qlogo.cn%2Fmmopen%2F5h8Nuib1dKbcEWNdUseiaoaQTuBVFGFic8bn0OKthDbOAngwMoxe9qMUssusKDLfnpI5rCvKWQYJWPyicvY4hia6O8w%2F132; nickname=%3F%3F%3F%3F',
  'accept-language' => 'zh-CN,zh;q=0.9,en-US;q=0.8,en;q=0.7',
  'accept-encoding' => 'gzip, deflate',
  'referer' => 'http://10.10.10.34/member/bonding_card.html?company=suoke',
  'content-type' => 'application/x-www-form-urlencoded',
  'user-agent' => 'Mozilla/5.0 (Linux; Android 10; PCT-AL10 Build/HUAWEIPCT-AL10; wv) AppleWebKit/537.36 (KHTML, like Gecko) Version/4.0 Chrome/78.0.3904.62 XWEB/2577 MMWEBSDK/200701 Mobile Safari/537.36 MMWEBID/4277 MicroMessenger/7.0.17.1720(0x27001139) Process/toolsmp WeChat/arm64 NetType/WIFI Language/zh_CN ABI/arm64',
  'x-requested-with' => 'XMLHttpRequest',
  'origin' => 'http://10.10.10.34',
  'accept' => 'application/json',
  'content-length' => '14',
  'connection' => 'close',
  'host' => '10.10.10.34',
)
[ info ] [ PARAM ] array (
  'database' => 'suoke',
)
[ info ] [ DB ] INIT mysql
[ sql ] [ DB ] CONNECT:[ UseTime:0.048880s ] mysql:host=db.suokeduo.com;dbname=;charset=utf8
[ sql ] [ SQL ] SHOW COLUMNS FROM `company`.`vip_business` [ RunTime:0.013951s ]
[ sql ] [ SQL ] SELECT `x_status` FROM `company`.`vip_business` WHERE  `code` = 'suoke' LIMIT 1 [ RunTime:0.014503s ]
---------------------------------------------------------------
[2020-08-14T10:14:29+08:00] 10.10.10.64 POST 10.10.10.34/index.php/UserlistIssetOpenid/
[运行时间：2.908574s] [吞吐率：0.34req/s] [内存消耗：2,450.50kb] [文件加载：64]
[ info ] [ LANG ] D:\www\wx\thinkphp\lang\zh-cn.php
[ info ] [ ROUTE ] array (
  'rule' => 'UserlistIssetOpenid/',
  'route' => 'Weixin/issetOpenid',
  'option' => 
  array (
    'merge_rule_regex' => false,
  ),
  'var' => 
  array (
  ),
)
[ info ] [ HEADER ] array (
  'cookie' => 'company=suoke; locaton=http%3A%2F%2F10.10.10.34%2F%3Fcompany%3Dsuoke; PHPSESSID=u18597i4loaun062e2rmcp50gn; code=13952449580; suoke_openId=ogx1nwc_vpQTPcNx9hEIDm8ezbOg; openId=ogx1nwc_vpQTPcNx9hEIDm8ezbOg; headImgUrl=http%3A%2F%2Fthirdwx.qlogo.cn%2Fmmopen%2F5h8Nuib1dKbcEWNdUseiaoaQTuBVFGFic8bn0OKthDbOAngwMoxe9qMUssusKDLfnpI5rCvKWQYJWPyicvY4hia6O8w%2F132; nickname=%3F%3F%3F%3F',
  'accept-language' => 'zh-CN,zh;q=0.9,en-US;q=0.8,en;q=0.7',
  'accept-encoding' => 'gzip, deflate',
  'referer' => 'http://10.10.10.34/member/bonding_card.html?company=suoke',
  'content-type' => 'application/x-www-form-urlencoded',
  'user-agent' => 'Mozilla/5.0 (Linux; Android 10; PCT-AL10 Build/HUAWEIPCT-AL10; wv) AppleWebKit/537.36 (KHTML, like Gecko) Version/4.0 Chrome/78.0.3904.62 XWEB/2577 MMWEBSDK/200701 Mobile Safari/537.36 MMWEBID/4277 MicroMessenger/7.0.17.1720(0x27001139) Process/toolsmp WeChat/arm64 NetType/WIFI Language/zh_CN ABI/arm64',
  'x-requested-with' => 'XMLHttpRequest',
  'origin' => 'http://10.10.10.34',
  'accept' => 'application/json',
  'content-length' => '178',
  'connection' => 'close',
  'host' => '10.10.10.34',
)
[ info ] [ PARAM ] array (
  'openId' => 'ogx1nwc_vpQTPcNx9hEIDm8ezbOg',
  'img' => 'http://thirdwx.qlogo.cn/mmopen/5h8Nuib1dKbcEWNdUseiaoaQTuBVFGFic8bn0OKthDbOAngwMoxe9qMUssusKDLfnpI5rCvKWQYJWPyicvY4hia6O8w/132',
)
[ info ] [ DB ] INIT mysql
[ sql ] [ DB ] CONNECT:[ UseTime:0.020632s ] mysql:host=db.suokeduo.com;dbname=;charset=utf8
[ sql ] [ SQL ] SHOW COLUMNS FROM `suoke`.`vip_viplist` [ RunTime:0.016469s ]
[ sql ] [ SQL ] SELECT * FROM `suoke`.`vip_viplist` WHERE  `openid` = 'ogx1nwc_vpQTPcNx9hEIDm8ezbOg' LIMIT 1 [ RunTime:0.044343s ]
[ sql ] [ SQL ] UPDATE `suoke`.`vip_viplist`  SET `img` = 'http://thirdwx.qlogo.cn/mmopen/5h8Nuib1dKbcEWNdUseiaoaQTuBVFGFic8bn0OKthDbOAngwMoxe9qMUssusKDLfnpI5rCvKWQYJWPyicvY4hia6O8w/132'  WHERE  `openid` = 'ogx1nwc_vpQTPcNx9hEIDm8ezbOg' [ RunTime:2.777147s ]
---------------------------------------------------------------
[2020-08-14T11:01:56+08:00] 10.10.10.34 POST 10.10.10.34/index.php/Login/
[运行时间：0.120997s] [吞吐率：8.26req/s] [内存消耗：2,383.89kb] [文件加载：63]
[ info ] [ LANG ] D:\www\wx\thinkphp\lang\zh-cn.php
[ info ] [ ROUTE ] array (
  'rule' => 'Login/',
  'route' => 'Login/login',
  'option' => 
  array (
    'merge_rule_regex' => false,
  ),
  'var' => 
  array (
  ),
)
[ info ] [ HEADER ] array (
  'cookie' => 'PHPSESSID=74ji7kv7bnnf3iv4kerc8vdnr9; company=suoke; locaton=http%3A%2F%2F10.10.10.34%2F%3Fcompany%3Dsuoke',
  'accept-language' => 'zh-CN,zh;q=0.8',
  'accept-encoding' => 'gzip, deflate',
  'referer' => 'http://10.10.10.34/?company=suoke',
  'content-type' => 'application/json',
  'user-agent' => 'Mozilla/5.0 (iPhone; CPU iPhone OS 9_1 like Mac OS X) AppleWebKit/601.1.46 (KHTML, like Gecko) Version/9.0 Mobile/13B143 Safari/601.1 wechatdevtools/0.7.0 MicroMessenger/6.3.9 Language/zh_CN webview/0',
  'x-requested-with' => 'XMLHttpRequest',
  'origin' => 'http://10.10.10.34',
  'accept' => 'application/json',
  'cache-control' => 'no-cache',
  'pragma' => 'no-cache',
  'content-length' => '65',
  'connection' => 'close',
  'host' => '10.10.10.34',
)
[ info ] [ PARAM ] array (
  'password' => 'e10adc3949ba59abbe56e057f20f883e',
  'username' => 'boss',
)
[ info ] [ DB ] INIT mysql
[ sql ] [ DB ] CONNECT:[ UseTime:0.026708s ] mysql:host=db.suokeduo.com;dbname=;charset=utf8
[ sql ] [ SQL ] SHOW COLUMNS FROM `suoke`.`vip_staff` [ RunTime:0.018376s ]
[ sql ] [ SQL ] SELECT * FROM `suoke`.`vip_staff` WHERE  `code` = 'boss' LIMIT 1 [ RunTime:0.016544s ]
[ sql ] [ SQL ] UPDATE `suoke`.`vip_staff`  SET `invalid_time` = 1597978916 , `openid` = NULL , `is_auto_renew` = 1  WHERE  `id` = 999999 [ RunTime:0.032399s ]
---------------------------------------------------------------
[2020-08-14T11:01:56+08:00] 10.10.10.34 POST 10.10.10.34/index.php/UserlistViplist/
[运行时间：0.094176s] [吞吐率：10.62req/s] [内存消耗：2,543.26kb] [文件加载：61]
[ info ] [ LANG ] D:\www\wx\thinkphp\lang\zh-cn.php
[ info ] [ ROUTE ] array (
  'rule' => 'UserlistViplist/',
  'route' => 'Userlist/viplist',
  'option' => 
  array (
    'merge_rule_regex' => false,
  ),
  'var' => 
  array (
  ),
)
[ info ] [ HEADER ] array (
  'cookie' => 'PHPSESSID=74ji7kv7bnnf3iv4kerc8vdnr9; company=suoke; locaton=http%3A%2F%2F10.10.10.34%2F%3Fcompany%3Dsuoke',
  'accept-language' => 'zh-CN,zh;q=0.8',
  'accept-encoding' => 'gzip, deflate',
  'referer' => 'http://10.10.10.34/index_centent.html',
  'user-agent' => 'Mozilla/5.0 (iPhone; CPU iPhone OS 9_1 like Mac OS X) AppleWebKit/601.1.46 (KHTML, like Gecko) Version/9.0 Mobile/13B143 Safari/601.1 wechatdevtools/0.7.0 MicroMessenger/6.3.9 Language/zh_CN webview/0',
  'x-requested-with' => 'XMLHttpRequest',
  'origin' => 'http://10.10.10.34',
  'accept' => 'application/json',
  'cache-control' => 'no-cache',
  'pragma' => 'no-cache',
  'content-length' => '0',
  'connection' => 'close',
  'host' => '10.10.10.34',
)
[ info ] [ PARAM ] array (
)
[ info ] [ DB ] INIT mysql
[ sql ] [ DB ] CONNECT:[ UseTime:0.030364s ] mysql:host=db.suokeduo.com;dbname=;charset=utf8
[ sql ] [ SQL ] SHOW COLUMNS FROM `suoke`.`view_vip_staff` [ RunTime:0.024530s ]
[ sql ] [ SQL ] SELECT `code`,`name`,`vpname`,`vgname`,`vsname`,`m_auth_code` FROM `suoke`.`view_vip_staff` WHERE  `code` = 'boss' LIMIT 1 [ RunTime:0.015145s ]
