---------------------------------------------------------------
[2020-11-27T13:15:57+08:00] 10.10.10.38 POST 10.10.10.38/index.php/dataBase/
[运行时间：1.163406s] [吞吐率：0.86req/s] [内存消耗：2,418.97kb] [文件加载：60]
[ info ] [ LANG ] D:\www\wx\thinkphp\lang\zh-cn.php
[ info ] [ ROUTE ] array (
  'rule' => 'dataBase/',
  'route' => 'Login/database',
  'option' => 
  array (
    'merge_rule_regex' => false,
  ),
  'var' => 
  array (
  ),
)
[ info ] [ HEADER ] array (
  'cookie' => 'PHPSESSID=ksek1oo05acn1md4c8s8dc3dks; company=suoke; locaton=http%3A%2F%2F10.10.10.38%2F%3Fcompany%3Dsuoke; openId=o9osQwUghKSMhf1ZGF3oclpiEvtc',
  'accept-language' => 'zh-CN,zh;q=0.8',
  'accept-encoding' => 'gzip, deflate',
  'referer' => 'http://10.10.10.38/?company=suoke',
  'content-type' => 'application/x-www-form-urlencoded',
  'user-agent' => 'Mozilla/5.0 (iPhone; CPU iPhone OS 9_1 like Mac OS X) AppleWebKit/601.1.46 (KHTML, like Gecko) Version/9.0 Mobile/13B143 Safari/601.1 wechatdevtools/0.7.0 MicroMessenger/6.3.9 Language/zh_CN webview/0',
  'x-requested-with' => 'XMLHttpRequest',
  'origin' => 'http://10.10.10.38',
  'accept' => 'application/json',
  'cache-control' => 'no-cache',
  'pragma' => 'no-cache',
  'content-length' => '14',
  'connection' => 'close',
  'host' => '10.10.10.38',
)
[ info ] [ PARAM ] array (
  'database' => 'suoke',
)
[ info ] [ DB ] INIT mysql
[ sql ] [ DB ] CONNECT:[ UseTime:0.990512s ] mysql:host=db.suokeduo.com;dbname=;charset=utf8
[ sql ] [ SQL ] SHOW COLUMNS FROM `company`.`vip_business` [ RunTime:0.105867s ]
[ sql ] [ SQL ] SELECT `x_status` FROM `company`.`vip_business` WHERE  `code` = 'suoke' LIMIT 1 [ RunTime:0.025530s ]
---------------------------------------------------------------
[2020-11-27T13:15:57+08:00] 10.10.10.38 POST 10.10.10.38/index.php/Userlistopenid/
[运行时间：0.164441s] [吞吐率：6.08req/s] [内存消耗：2,527.31kb] [文件加载：64]
[ info ] [ LANG ] D:\www\wx\thinkphp\lang\zh-cn.php
[ info ] [ ROUTE ] array (
  'rule' => 'Userlistopenid/',
  'route' => 'Weixin/openid',
  'option' => 
  array (
    'merge_rule_regex' => false,
  ),
  'var' => 
  array (
  ),
)
[ info ] [ HEADER ] array (
  'cookie' => 'PHPSESSID=ksek1oo05acn1md4c8s8dc3dks; company=suoke; locaton=http%3A%2F%2F10.10.10.38%2F%3Fcompany%3Dsuoke; openId=o9osQwUghKSMhf1ZGF3oclpiEvtc',
  'accept-language' => 'zh-CN,zh;q=0.8',
  'accept-encoding' => 'gzip, deflate',
  'referer' => 'http://10.10.10.38/?company=suoke',
  'content-type' => 'application/x-www-form-urlencoded',
  'user-agent' => 'Mozilla/5.0 (iPhone; CPU iPhone OS 9_1 like Mac OS X) AppleWebKit/601.1.46 (KHTML, like Gecko) Version/9.0 Mobile/13B143 Safari/601.1 wechatdevtools/0.7.0 MicroMessenger/6.3.9 Language/zh_CN webview/0',
  'x-requested-with' => 'XMLHttpRequest',
  'origin' => 'http://10.10.10.38',
  'accept' => 'application/json',
  'cache-control' => 'no-cache',
  'pragma' => 'no-cache',
  'content-length' => '49',
  'connection' => 'close',
  'host' => '10.10.10.38',
)
[ info ] [ PARAM ] array (
  'openId' => 'o9osQwUghKSMhf1ZGF3oclpiEvtc',
  'company' => 'suoke',
)
[ info ] [ DB ] INIT mysql
[ sql ] [ DB ] CONNECT:[ UseTime:0.017680s ] mysql:host=db.suokeduo.com;dbname=;charset=utf8
[ sql ] [ SQL ] SHOW COLUMNS FROM `suoke`.`vip_staff` [ RunTime:0.034094s ]
[ sql ] [ SQL ] SELECT * FROM `suoke`.`vip_staff` WHERE  `openid` = 'o9osQwUghKSMhf1ZGF3oclpiEvtc' ORDER BY `invalid_time` DESC [ RunTime:0.029044s ]
[ sql ] [ SQL ] UPDATE `suoke`.`vip_staff`  SET `invalid_time` = 1607058957  WHERE  `id` = 1000014 [ RunTime:0.015425s ]
---------------------------------------------------------------
[2020-11-27T13:15:58+08:00] 10.10.10.38 POST 10.10.10.38/index.php/UserlistViplist/
[运行时间：0.119895s] [吞吐率：8.34req/s] [内存消耗：2,623.54kb] [文件加载：61]
[ info ] [ LANG ] D:\www\wx\thinkphp\lang\zh-cn.php
[ info ] [ ROUTE ] array (
  'rule' => 'UserlistViplist/',
  'route' => 'Userlist/viplist',
  'option' => 
  array (
    'merge_rule_regex' => false,
  ),
  'var' => 
  array (
  ),
)
[ info ] [ HEADER ] array (
  'cookie' => 'PHPSESSID=ksek1oo05acn1md4c8s8dc3dks; company=suoke; locaton=http%3A%2F%2F10.10.10.38%2F%3Fcompany%3Dsuoke; openId=o9osQwUghKSMhf1ZGF3oclpiEvtc',
  'accept-language' => 'zh-CN,zh;q=0.8',
  'accept-encoding' => 'gzip, deflate',
  'referer' => 'http://10.10.10.38/index_centent.html',
  'user-agent' => 'Mozilla/5.0 (iPhone; CPU iPhone OS 9_1 like Mac OS X) AppleWebKit/601.1.46 (KHTML, like Gecko) Version/9.0 Mobile/13B143 Safari/601.1 wechatdevtools/0.7.0 MicroMessenger/6.3.9 Language/zh_CN webview/0',
  'x-requested-with' => 'XMLHttpRequest',
  'origin' => 'http://10.10.10.38',
  'accept' => 'application/json',
  'cache-control' => 'no-cache',
  'pragma' => 'no-cache',
  'content-length' => '0',
  'connection' => 'close',
  'host' => '10.10.10.38',
)
[ info ] [ PARAM ] array (
)
[ info ] [ DB ] INIT mysql
[ sql ] [ DB ] CONNECT:[ UseTime:0.026497s ] mysql:host=db.suokeduo.com;dbname=;charset=utf8
[ sql ] [ SQL ] SHOW COLUMNS FROM `suoke`.`view_vip_staff` [ RunTime:0.030897s ]
[ sql ] [ SQL ] SELECT `code`,`name`,`vpname`,`vgname`,`vsname`,`m_auth_code` FROM `suoke`.`view_vip_staff` WHERE  `code` = '10008' LIMIT 1 [ RunTime:0.021845s ]
---------------------------------------------------------------
[2020-11-27T13:16:00+08:00] 10.10.10.38 POST 10.10.10.38/index.php/webCargoGuest/
[运行时间：0.134172s] [吞吐率：7.45req/s] [内存消耗：2,686.46kb] [文件加载：61]
[ info ] [ LANG ] D:\www\wx\thinkphp\lang\zh-cn.php
[ info ] [ ROUTE ] array (
  'rule' => 'webCargoGuest/',
  'route' => 'CargoGuest/index',
  'option' => 
  array (
    'merge_rule_regex' => false,
  ),
  'var' => 
  array (
  ),
)
[ info ] [ HEADER ] array (
  'cookie' => 'PHPSESSID=ksek1oo05acn1md4c8s8dc3dks; company=suoke; locaton=http%3A%2F%2F10.10.10.38%2F%3Fcompany%3Dsuoke; openId=o9osQwUghKSMhf1ZGF3oclpiEvtc',
  'accept-language' => 'zh-CN,zh;q=0.8',
  'accept-encoding' => 'gzip, deflate',
  'referer' => 'http://10.10.10.38/homepage/cargo_precision.html',
  'content-type' => 'application/x-www-form-urlencoded',
  'user-agent' => 'Mozilla/5.0 (iPhone; CPU iPhone OS 9_1 like Mac OS X) AppleWebKit/601.1.46 (KHTML, like Gecko) Version/9.0 Mobile/13B143 Safari/601.1 wechatdevtools/0.7.0 MicroMessenger/6.3.9 Language/zh_CN webview/0',
  'x-requested-with' => 'XMLHttpRequest',
  'origin' => 'http://10.10.10.38',
  'accept' => 'application/json',
  'cache-control' => 'no-cache',
  'pragma' => 'no-cache',
  'content-length' => '21',
  'connection' => 'close',
  'host' => '10.10.10.38',
)
[ info ] [ PARAM ] array (
  'code' => '',
  'page' => '1',
  'limit' => '20',
)
[ info ] [ DB ] INIT mysql
[ sql ] [ DB ] CONNECT:[ UseTime:0.041119s ] mysql:host=db.suokeduo.com;dbname=;charset=utf8
[ sql ] [ SQL ] SHOW COLUMNS FROM `suoke`.`vip_goods` [ RunTime:0.016449s ]
[ sql ] [ SQL ] SELECT frenum as code,`bar_code`,`color`,`sizes` FROM `suoke`.`vip_goods` LIMIT 0,20 [ RunTime:0.014682s ]
[ sql ] [ SQL ] SELECT COUNT(*) AS tp_count FROM `suoke`.`vip_goods` LIMIT 1 [ RunTime:0.022579s ]
---------------------------------------------------------------
[2020-11-27T13:16:35+08:00] 10.10.10.38 POST 10.10.10.38/index.php/UserlistViplist/
[运行时间：1.058781s] [吞吐率：0.94req/s] [内存消耗：2,623.54kb] [文件加载：61]
[ info ] [ LANG ] D:\www\wx\thinkphp\lang\zh-cn.php
[ info ] [ ROUTE ] array (
  'rule' => 'UserlistViplist/',
  'route' => 'Userlist/viplist',
  'option' => 
  array (
    'merge_rule_regex' => false,
  ),
  'var' => 
  array (
  ),
)
[ info ] [ HEADER ] array (
  'cookie' => 'PHPSESSID=ksek1oo05acn1md4c8s8dc3dks; company=suoke; locaton=http%3A%2F%2F10.10.10.38%2F%3Fcompany%3Dsuoke; openId=o9osQwUghKSMhf1ZGF3oclpiEvtc',
  'accept-language' => 'zh-CN,zh;q=0.8',
  'accept-encoding' => 'gzip, deflate',
  'referer' => 'http://10.10.10.38/index_centent.html',
  'user-agent' => 'Mozilla/5.0 (iPhone; CPU iPhone OS 9_1 like Mac OS X) AppleWebKit/601.1.46 (KHTML, like Gecko) Version/9.0 Mobile/13B143 Safari/601.1 wechatdevtools/0.7.0 MicroMessenger/6.3.9 Language/zh_CN webview/0',
  'x-requested-with' => 'XMLHttpRequest',
  'origin' => 'http://10.10.10.38',
  'accept' => 'application/json',
  'cache-control' => 'no-cache',
  'pragma' => 'no-cache',
  'content-length' => '0',
  'connection' => 'close',
  'host' => '10.10.10.38',
)
[ info ] [ PARAM ] array (
)
[ info ] [ DB ] INIT mysql
[ sql ] [ DB ] CONNECT:[ UseTime:0.964346s ] mysql:host=db.suokeduo.com;dbname=;charset=utf8
[ sql ] [ SQL ] SHOW COLUMNS FROM `suoke`.`view_vip_staff` [ RunTime:0.019415s ]
[ sql ] [ SQL ] SELECT `code`,`name`,`vpname`,`vgname`,`vsname`,`m_auth_code` FROM `suoke`.`view_vip_staff` WHERE  `code` = '10008' LIMIT 1 [ RunTime:0.035339s ]
---------------------------------------------------------------
[2020-11-27T13:16:36+08:00] 10.10.10.38 POST 10.10.10.38/index.php/webGoodsLabelIndex/
[运行时间：0.401553s] [吞吐率：2.49req/s] [内存消耗：2,460.60kb] [文件加载：62]
[ info ] [ LANG ] D:\www\wx\thinkphp\lang\zh-cn.php
[ info ] [ ROUTE ] array (
  'rule' => 'webGoodsLabelIndex/',
  'route' => 'Goods/labelIndex',
  'option' => 
  array (
    'merge_rule_regex' => false,
  ),
  'var' => 
  array (
  ),
)
[ info ] [ HEADER ] array (
  'cookie' => 'PHPSESSID=ksek1oo05acn1md4c8s8dc3dks; company=suoke; locaton=http%3A%2F%2F10.10.10.38%2F%3Fcompany%3Dsuoke; openId=o9osQwUghKSMhf1ZGF3oclpiEvtc',
  'accept-language' => 'zh-CN,zh;q=0.8',
  'accept-encoding' => 'gzip, deflate',
  'referer' => 'http://10.10.10.38/homepage/product_tags.html?t=1606454193938',
  'content-type' => 'application/x-www-form-urlencoded',
  'user-agent' => 'Mozilla/5.0 (iPhone; CPU iPhone OS 9_1 like Mac OS X) AppleWebKit/601.1.46 (KHTML, like Gecko) Version/9.0 Mobile/13B143 Safari/601.1 wechatdevtools/0.7.0 MicroMessenger/6.3.9 Language/zh_CN webview/0',
  'x-requested-with' => 'XMLHttpRequest',
  'origin' => 'http://10.10.10.38',
  'accept' => 'application/json',
  'cache-control' => 'no-cache',
  'pragma' => 'no-cache',
  'content-length' => '21',
  'connection' => 'close',
  'host' => '10.10.10.38',
)
[ info ] [ PARAM ] array (
  'code' => '',
  'page' => '1',
  'limit' => '20',
)
[ info ] [ DB ] INIT mysql
[ sql ] [ DB ] CONNECT:[ UseTime:0.031885s ] mysql:host=db.suokeduo.com;dbname=;charset=utf8
[ sql ] [ SQL ] SHOW COLUMNS FROM `suoke`.`vip_goods` [ RunTime:0.033328s ]
[ sql ] [ SQL ] SELECT frenum as code,`name`,`price`,`bar_code` FROM `suoke`.`vip_goods` GROUP BY `frenum` LIMIT 0,20 [ RunTime:0.114240s ]
[ sql ] [ SQL ] SELECT COUNT(*) AS tp_count FROM ( SELECT count(*) AS think_count FROM `suoke`.`vip_goods` GROUP BY `frenum` ) `_group_count_` LIMIT 1 [ RunTime:0.180955s ]
---------------------------------------------------------------
[2020-11-27T13:16:46+08:00] 10.10.10.38 POST 10.10.10.38/index.php/UserlistViplist/
[运行时间：0.206356s] [吞吐率：4.85req/s] [内存消耗：2,623.54kb] [文件加载：61]
[ info ] [ LANG ] D:\www\wx\thinkphp\lang\zh-cn.php
[ info ] [ ROUTE ] array (
  'rule' => 'UserlistViplist/',
  'route' => 'Userlist/viplist',
  'option' => 
  array (
    'merge_rule_regex' => false,
  ),
  'var' => 
  array (
  ),
)
[ info ] [ HEADER ] array (
  'cookie' => 'PHPSESSID=ksek1oo05acn1md4c8s8dc3dks; company=suoke; locaton=http%3A%2F%2F10.10.10.38%2F%3Fcompany%3Dsuoke; openId=o9osQwUghKSMhf1ZGF3oclpiEvtc',
  'accept-language' => 'zh-CN,zh;q=0.8',
  'accept-encoding' => 'gzip, deflate',
  'referer' => 'http://10.10.10.38/index_centent.html',
  'user-agent' => 'Mozilla/5.0 (iPhone; CPU iPhone OS 9_1 like Mac OS X) AppleWebKit/601.1.46 (KHTML, like Gecko) Version/9.0 Mobile/13B143 Safari/601.1 wechatdevtools/0.7.0 MicroMessenger/6.3.9 Language/zh_CN webview/0',
  'x-requested-with' => 'XMLHttpRequest',
  'origin' => 'http://10.10.10.38',
  'accept' => 'application/json',
  'cache-control' => 'no-cache',
  'pragma' => 'no-cache',
  'content-length' => '0',
  'connection' => 'close',
  'host' => '10.10.10.38',
)
[ info ] [ PARAM ] array (
)
[ info ] [ DB ] INIT mysql
[ sql ] [ DB ] CONNECT:[ UseTime:0.064749s ] mysql:host=db.suokeduo.com;dbname=;charset=utf8
[ sql ] [ SQL ] SHOW COLUMNS FROM `suoke`.`view_vip_staff` [ RunTime:0.019491s ]
[ sql ] [ SQL ] SELECT `code`,`name`,`vpname`,`vgname`,`vsname`,`m_auth_code` FROM `suoke`.`view_vip_staff` WHERE  `code` = '10008' LIMIT 1 [ RunTime:0.081963s ]
---------------------------------------------------------------
[2020-11-27T13:20:46+08:00] 10.10.10.38 POST 10.10.10.38/index.php/webCargoGuest/
[运行时间：0.255542s] [吞吐率：3.91req/s] [内存消耗：2,686.46kb] [文件加载：61]
[ info ] [ LANG ] D:\www\wx\thinkphp\lang\zh-cn.php
[ info ] [ ROUTE ] array (
  'rule' => 'webCargoGuest/',
  'route' => 'CargoGuest/index',
  'option' => 
  array (
    'merge_rule_regex' => false,
  ),
  'var' => 
  array (
  ),
)
[ info ] [ HEADER ] array (
  'cookie' => 'PHPSESSID=ksek1oo05acn1md4c8s8dc3dks; company=suoke; locaton=http%3A%2F%2F10.10.10.38%2F%3Fcompany%3Dsuoke; openId=o9osQwUghKSMhf1ZGF3oclpiEvtc',
  'accept-language' => 'zh-CN,zh;q=0.8',
  'accept-encoding' => 'gzip, deflate',
  'referer' => 'http://10.10.10.38/homepage/cargo_precision.html',
  'content-type' => 'application/x-www-form-urlencoded',
  'user-agent' => 'Mozilla/5.0 (iPhone; CPU iPhone OS 9_1 like Mac OS X) AppleWebKit/601.1.46 (KHTML, like Gecko) Version/9.0 Mobile/13B143 Safari/601.1 wechatdevtools/0.7.0 MicroMessenger/6.3.9 Language/zh_CN webview/0',
  'x-requested-with' => 'XMLHttpRequest',
  'origin' => 'http://10.10.10.38',
  'accept' => 'application/json',
  'cache-control' => 'no-cache',
  'pragma' => 'no-cache',
  'content-length' => '21',
  'connection' => 'close',
  'host' => '10.10.10.38',
)
[ info ] [ PARAM ] array (
  'code' => '',
  'page' => '1',
  'limit' => '20',
)
[ info ] [ DB ] INIT mysql
[ sql ] [ DB ] CONNECT:[ UseTime:0.021235s ] mysql:host=db.suokeduo.com;dbname=;charset=utf8
[ sql ] [ SQL ] SHOW COLUMNS FROM `suoke`.`vip_goods` [ RunTime:0.027831s ]
[ sql ] [ SQL ] SELECT frenum as code,`bar_code`,`color`,`sizes` FROM `suoke`.`vip_goods` LIMIT 0,20 [ RunTime:0.022788s ]
[ sql ] [ SQL ] SELECT COUNT(*) AS tp_count FROM `suoke`.`vip_goods` LIMIT 1 [ RunTime:0.014728s ]
---------------------------------------------------------------
[2020-11-27T13:24:24+08:00] 10.10.10.38 POST 10.10.10.38/index.php/UserlistViplist/
[运行时间：0.172496s] [吞吐率：5.80req/s] [内存消耗：2,623.54kb] [文件加载：61]
[ info ] [ LANG ] D:\www\wx\thinkphp\lang\zh-cn.php
[ info ] [ ROUTE ] array (
  'rule' => 'UserlistViplist/',
  'route' => 'Userlist/viplist',
  'option' => 
  array (
    'merge_rule_regex' => false,
  ),
  'var' => 
  array (
  ),
)
[ info ] [ HEADER ] array (
  'cookie' => 'PHPSESSID=ksek1oo05acn1md4c8s8dc3dks; company=suoke; locaton=http%3A%2F%2F10.10.10.38%2F%3Fcompany%3Dsuoke; openId=o9osQwUghKSMhf1ZGF3oclpiEvtc',
  'accept-language' => 'zh-CN,zh;q=0.8',
  'accept-encoding' => 'gzip, deflate',
  'referer' => 'http://10.10.10.38/index_centent.html',
  'user-agent' => 'Mozilla/5.0 (iPhone; CPU iPhone OS 9_1 like Mac OS X) AppleWebKit/601.1.46 (KHTML, like Gecko) Version/9.0 Mobile/13B143 Safari/601.1 wechatdevtools/0.7.0 MicroMessenger/6.3.9 Language/zh_CN webview/0',
  'x-requested-with' => 'XMLHttpRequest',
  'origin' => 'http://10.10.10.38',
  'accept' => 'application/json',
  'cache-control' => 'no-cache',
  'pragma' => 'no-cache',
  'content-length' => '0',
  'connection' => 'close',
  'host' => '10.10.10.38',
)
[ info ] [ PARAM ] array (
)
[ info ] [ DB ] INIT mysql
[ sql ] [ DB ] CONNECT:[ UseTime:0.041695s ] mysql:host=db.suokeduo.com;dbname=;charset=utf8
[ sql ] [ SQL ] SHOW COLUMNS FROM `suoke`.`view_vip_staff` [ RunTime:0.020975s ]
[ sql ] [ SQL ] SELECT `code`,`name`,`vpname`,`vgname`,`vsname`,`m_auth_code` FROM `suoke`.`view_vip_staff` WHERE  `code` = '10008' LIMIT 1 [ RunTime:0.011872s ]
